<?xml version="1.0" encoding="UTF-8"?>
<testsuite xmlns:xsi="http://www.w3.org/2001/XMLSchema-instance" xsi:noNamespaceSchemaLocation="https://maven.apache.org/surefire/maven-surefire-plugin/xsd/surefire-test-report-3.0.xsd" version="3.0" name="com.udacity.catpoint.security.service.SecurityServiceTest" time="0.898" tests="14" errors="0" skipped="0" failures="0">
  <properties>
[...]
</properties>
  <testcase name="sensorActivated_WhileAlreadyActiveAndPendingState_ReturnAlarmState" classname="com.udacity.catpoint.security.service.SecurityServiceTest" time="0.795"/>
  <testcase name="pendingAlarm_AllSensorsInactive_ReturnNoAlarmStatus" classname="com.udacity.catpoint.security.service.SecurityServiceTest" time="0.004"/>
  <testcase name="whenSystem_IsArmedHomeWithCatsOnCamera_ReturnAlarmStatus" classname="com.udacity.catpoint.security.service.SecurityServiceTest" time="0.004"/>
  <testcase name="imageContainsCat_WhileSystemIsArmed_PutAlarmStatus" classname="com.udacity.catpoint.security.service.SecurityServiceTest" time="0.003"/>
  <testcase name="getAlarmStatus" classname="com.udacity.catpoint.security.service.SecurityServiceTest" time="0.007"/>
  <testcase name="alarmActive_ChangingSensorState_ReturnNoChangeInAlarmState" classname="com.udacity.catpoint.security.service.SecurityServiceTest" time="0.003"/>
  <testcase name="addAndRemoveSensor" classname="com.udacity.catpoint.security.service.SecurityServiceTest" time="0.002"/>
  <testcase name="whenSystem_IsDisarmed_ReturnNoAlarm" classname="com.udacity.catpoint.security.service.SecurityServiceTest" time="0.002"/>
  <testcase name="alarmArmed_WithActivatedSensor_SetPendingStatus" classname="com.udacity.catpoint.security.service.SecurityServiceTest" time="0.003"/>
  <testcase name="sensorDeactivated_WhileAlreadyInactive_ReturnNoChangeToAlarmState" classname="com.udacity.catpoint.security.service.SecurityServiceTest" time="0.002"/>
  <testcase name="imageNoCat_WhenSensorsAreNotActive_ChangeStatusToNoAlarm" classname="com.udacity.catpoint.security.service.SecurityServiceTest" time="0.002"/>
  <testcase name="alarmArmed_WhileSensorActivatedAndPendingStatus_SetAlarmStatus" classname="com.udacity.catpoint.security.service.SecurityServiceTest" time="0.002"/>
  <testcase name="whenSystem_IsArmed_ResetAllSensorsToInactive" classname="com.udacity.catpoint.security.service.SecurityServiceTest" time="0.006"/>
  <testcase name="whenSystem_IsArmed_ResetAllSensorsToInactive" classname="com.udacity.catpoint.security.service.SecurityServiceTest" time="0.003"/>
</testsuite>